<?xml version="1.0" encoding="UTF-8"?>
<testng-results skipped="0" failed="0" ignored="0" total="1" passed="1">
  <reporter-output>
  </reporter-output>
  <suite name="Default suite" duration-ms="17588" started-at="2017-04-17T20:47:28Z" finished-at="2017-04-17T20:47:45Z">
    <groups>
    </groups>
    <test name="Default test" duration-ms="17588" started-at="2017-04-17T20:47:28Z" finished-at="2017-04-17T20:47:45Z">
      <class name="registrationTests.NegativeCases">
        <test-method status="PASS" signature="initDriver()[pri:0, instance:registrationTests.NegativeCases@215be6bb]" name="initDriver" is-config="true" duration-ms="6673" started-at="2017-04-17T23:47:28Z" finished-at="2017-04-17T23:47:35Z">
          <reporter-output>
          </reporter-output>
        </test-method> <!-- initDriver -->
        <test-method status="PASS" signature="RegisterWithMissingFirstName()[pri:0, instance:registrationTests.NegativeCases@215be6bb]" name="RegisterWithMissingFirstName" duration-ms="10878" started-at="2017-04-17T23:47:35Z" finished-at="2017-04-17T23:47:45Z">
          <reporter-output>
          </reporter-output>
        </test-method> <!-- RegisterWithMissingFirstName -->
        <test-method status="PASS" signature="quitSession()[pri:0, instance:registrationTests.NegativeCases@215be6bb]" name="quitSession" is-config="true" duration-ms="0" started-at="2017-04-17T23:47:45Z" finished-at="2017-04-17T23:47:45Z">
          <reporter-output>
          </reporter-output>
        </test-method> <!-- quitSession -->
      </class> <!-- registrationTests.NegativeCases -->
    </test> <!-- Default test -->
  </suite> <!-- Default suite -->
</testng-results>
