<?xml version="1.0" encoding="UTF-8"?>
<testng-results skipped="0" failed="1" ignored="0" total="6" passed="5">
  <reporter-output>
  </reporter-output>
  <suite name="Default suite" duration-ms="150586" started-at="2017-04-18T20:18:06Z" finished-at="2017-04-18T20:20:37Z">
    <groups>
    </groups>
    <test name="Default test" duration-ms="150586" started-at="2017-04-18T20:18:06Z" finished-at="2017-04-18T20:20:37Z">
      <class name="registrationTests.NegativeCases">
        <test-method status="PASS" signature="initDriver()[pri:0, instance:registrationTests.NegativeCases@215be6bb]" name="initDriver" is-config="true" duration-ms="8733" started-at="2017-04-18T23:18:06Z" finished-at="2017-04-18T23:18:15Z">
          <reporter-output>
          </reporter-output>
        </test-method> <!-- initDriver -->
        <test-method status="PASS" signature="RegisterWithInvalidEmail()[pri:0, instance:registrationTests.NegativeCases@215be6bb]" name="RegisterWithInvalidEmail" duration-ms="27659" started-at="2017-04-18T23:18:15Z" finished-at="2017-04-18T23:18:43Z">
          <reporter-output>
          </reporter-output>
        </test-method> <!-- RegisterWithInvalidEmail -->
        <test-method status="PASS" signature="RegisterWithMissingEmail()[pri:0, instance:registrationTests.NegativeCases@215be6bb]" name="RegisterWithMissingEmail" duration-ms="22950" started-at="2017-04-18T23:18:43Z" finished-at="2017-04-18T23:19:06Z">
          <reporter-output>
          </reporter-output>
        </test-method> <!-- RegisterWithMissingEmail -->
        <test-method status="PASS" signature="RegisterWithMissingFirstName()[pri:0, instance:registrationTests.NegativeCases@215be6bb]" name="RegisterWithMissingFirstName" duration-ms="24201" started-at="2017-04-18T23:19:06Z" finished-at="2017-04-18T23:19:30Z">
          <reporter-output>
          </reporter-output>
        </test-method> <!-- RegisterWithMissingFirstName -->
        <test-method status="PASS" signature="RegisterWithMissingLastName()[pri:0, instance:registrationTests.NegativeCases@215be6bb]" name="RegisterWithMissingLastName" duration-ms="21308" started-at="2017-04-18T23:19:30Z" finished-at="2017-04-18T23:19:51Z">
          <reporter-output>
          </reporter-output>
        </test-method> <!-- RegisterWithMissingLastName -->
        <test-method status="FAIL" signature="RegisterWithMissingPassword()[pri:0, instance:registrationTests.NegativeCases@215be6bb]" name="RegisterWithMissingPassword" duration-ms="21392" started-at="2017-04-18T23:19:51Z" finished-at="2017-04-18T23:20:13Z">
          <exception class="java.lang.AssertionError">
            <message>
              <![CDATA[expected [form.password_mismatch] but found [Required fields are missing]]]>
            </message>
            <full-stacktrace>
              <![CDATA[java.lang.AssertionError: expected [form.password_mismatch] but found [Required fields are missing]
	at org.testng.Assert.fail(Assert.java:93)
	at org.testng.Assert.failNotEquals(Assert.java:512)
	at org.testng.Assert.assertEqualsImpl(Assert.java:134)
	at org.testng.Assert.assertEquals(Assert.java:115)
	at org.testng.Assert.assertEquals(Assert.java:189)
	at org.testng.Assert.assertEquals(Assert.java:199)
	at registrationTests.NegativeCases.RegisterWithMissingPassword(NegativeCases.java:98)
	at sun.reflect.NativeMethodAccessorImpl.invoke0(Native Method)
	at sun.reflect.NativeMethodAccessorImpl.invoke(Unknown Source)
	at sun.reflect.DelegatingMethodAccessorImpl.invoke(Unknown Source)
	at java.lang.reflect.Method.invoke(Unknown Source)
	at org.testng.internal.MethodInvocationHelper.invokeMethod(MethodInvocationHelper.java:108)
	at org.testng.internal.Invoker.invokeMethod(Invoker.java:661)
	at org.testng.internal.Invoker.invokeTestMethod(Invoker.java:869)
	at org.testng.internal.Invoker.invokeTestMethods(Invoker.java:1193)
	at org.testng.internal.TestMethodWorker.invokeTestMethods(TestMethodWorker.java:126)
	at org.testng.internal.TestMethodWorker.run(TestMethodWorker.java:109)
	at org.testng.TestRunner.privateRun(TestRunner.java:744)
	at org.testng.TestRunner.run(TestRunner.java:602)
	at org.testng.SuiteRunner.runTest(SuiteRunner.java:380)
	at org.testng.SuiteRunner.runSequentially(SuiteRunner.java:375)
	at org.testng.SuiteRunner.privateRun(SuiteRunner.java:340)
	at org.testng.SuiteRunner.run(SuiteRunner.java:289)
	at org.testng.SuiteRunnerWorker.runSuite(SuiteRunnerWorker.java:52)
	at org.testng.SuiteRunnerWorker.run(SuiteRunnerWorker.java:86)
	at org.testng.TestNG.runSuitesSequentially(TestNG.java:1301)
	at org.testng.TestNG.runSuitesLocally(TestNG.java:1226)
	at org.testng.TestNG.runSuites(TestNG.java:1144)
	at org.testng.TestNG.run(TestNG.java:1115)
	at org.testng.remote.AbstractRemoteTestNG.run(AbstractRemoteTestNG.java:132)
	at org.testng.remote.RemoteTestNG.initAndRun(RemoteTestNG.java:230)
	at org.testng.remote.RemoteTestNG.main(RemoteTestNG.java:76)
]]>
            </full-stacktrace>
          </exception> <!-- java.lang.AssertionError -->
          <reporter-output>
          </reporter-output>
        </test-method> <!-- RegisterWithMissingPassword -->
        <test-method status="PASS" signature="RegisterWithMissingPaswordsMismatch()[pri:0, instance:registrationTests.NegativeCases@215be6bb]" name="RegisterWithMissingPaswordsMismatch" duration-ms="21886" started-at="2017-04-18T23:20:13Z" finished-at="2017-04-18T23:20:34Z">
          <reporter-output>
          </reporter-output>
        </test-method> <!-- RegisterWithMissingPaswordsMismatch -->
        <test-method status="PASS" signature="quitSession()[pri:0, instance:registrationTests.NegativeCases@215be6bb]" name="quitSession" is-config="true" duration-ms="2412" started-at="2017-04-18T23:20:34Z" finished-at="2017-04-18T23:20:37Z">
          <reporter-output>
          </reporter-output>
        </test-method> <!-- quitSession -->
      </class> <!-- registrationTests.NegativeCases -->
    </test> <!-- Default test -->
  </suite> <!-- Default suite -->
</testng-results>
